<?xml version="1.0" encoding="UTF-8"?>
<!-- Generated by org.testng.reporters.JUnitReportReporter -->
<testsuite hostname="ELIASNOGUEIB6E9" name="com.eliasnogueira.selenium2testng.test.ClienteTest" tests="2" failures="0" timestamp="23 Aug 2011 04:32:39 GMT" time="4.597" errors="0">
  <testcase name="adicionaCliente" time="3.692" classname="com.eliasnogueira.selenium2testng.test.ClienteTest"/>
  <testcase name="removeCliente" time="0.905" classname="com.eliasnogueira.selenium2testng.test.ClienteTest"/>
</testsuite>
